
################################################################################
#
# This file has been generated by SpyGlass:
#     Report Name      : moresimple
#     Report Created by: ICer
#     Report Created on:  Sat May  2 04:18:59 2026
#     Working Directory: /home/ICer/UCIe_Git/Graduation-Project---UCIe-Adapter-Layer/spyglass/TOP
#     SpyGlass Version : SpyGlass_vL-2016.06
#     Policy Name      : SpyGlass(SpyGlass_vL-2016.06)
#                        clock-reset(SpyGlass_vL-2016.06)
#                        erc(SpyGlass_vL-2016.06)
#                        latch(SpyGlass_vL-2016.06)
#                        lint(SpyGlass_vL-2016.06)
#                        morelint(SpyGlass_vL-2016.06)
#                        openmore(SpyGlass_vL-2016.06)
#                        power_est(SpyGlass_vL-2016.06)
#                        simulation(SpyGlass_vL-2016.06)
#                        starc(SpyGlass_vL-2016.06)
#                        starc2005(SpyGlass_vL-2016.06)
#                        timing(SpyGlass_vL-2016.06)
#                        txv(SpyGlass_vL-2016.06)
#
#     Total Number of Generated Messages :          2
#     Number of Waived Messages          :          0
#     Number of Reported Messages        :          2
#     Number of Overlimit Messages       :          0
#
#
################################################################################

+++++++++++++++++++++++++++++++++++++++++++++++++++++++++++++++++++++++
MORESIMPLE REPORT:
############### FATAL MESSAGES ############### 
+++++++++++++++++++++++++++++++++++++++++++++++++++++++++++++++++++++++++++++++++
ID       Rule          Alias         Severity    File                                   Line    Wt      Message
======================================================================================
[1]      STX_VE_690    STX_VE_690    Syntax      ../../src/rtl/sideband/UC_sb_top.sv    269     1000    Instance ( U_TX_TOP ) of Module ( UC_sb_tx_top ) defined in file ( ../../src/rtl/sideband/TX/UC_sb_tx_top.sv ), at line ( 23 ) has ( 11 ) extra connections ( like o_tx_lsm_remote_time_out, i_mailbox_index_low ... )
+++++++++++++++++++++++++++++++++++++++++++++++++++++++++++++++++++++++++++++++++++++++


############### BuiltIn -> RuleGroup=Design Read ###############
+++++++++++++++++++++++++++++++++++++++++++++++++++++++++++++++++++++++++++++++++++++++
ID       Rule      Alias     Severity    File                           Line    Wt      Message
======================================================================================
[0]      WRN_26    WRN_26    Warning     ../../src/rtl/TOP/UC_TOP.sv    25      1000    Redefinition of macro ( ENDPOINT ). Previously macro was defined at line ( 11 ) in file ( ../../src/rtl/common/UC_all_defs.svh ) with a value ( 1 )
+++++++++++++++++++++++++++++++++++++++++++++++++++++++++++++++++++++++++++++++++++++++
