################################################################################
#
# This file has been generated by SpyGlass:
#     Report Created by: ICer
#     Report Created on: Sat Apr 18 09:20:33 2026
#     Working Directory: /home/ICer/Ucie/RegFile
#     Report Location  : ./spyglass-1/UC_regfile/lint/lint_rtl/spyglass_reports/SpyGlass/elab_summary.rpt
#     SpyGlass Version : SpyGlass_vL-2016.06
#     Policy Name      : SpyGlass(SpyGlass_vL-2016.06)
#     Comment          : This report contains RTL and Elaborated names along with parameter values
#
################################################################################

================================================================================
Elaborated Name: 'UC_regfile'
    (RTL Design Unit name: 'UC_regfile', UC_regfile.sv:17)
     Parameters (Total: 26)
         DVSEC_DEPTH                              = 72 (default: 'h48)
         DATA_WIDTH                               = 32 (default: 'd32)
         MEM_BLOCK_DEPTH                          = 1024 (default: ('d4096 / 4))
         PCIE_EX_WORD_OFFSET                      = 0 (default: ('h0 / 'd4))
         LINK_CAPABILITY_WORD_OFFSET              = 2 (default: ('hA / 'd4))
         LINK_CONTROL_WORD_OFFSET                 = 4 (default: ('h10 / 'd4))
         LINK_STATUS_WORD_OFFSET                  = 5 (default: ('h14 / 'd4))
         LINK_NOTIFICATION_WORD_OFFSET            = 6 (default: ('h18 / 'd4))
         ERROR_AND_TESTING_WORD_OFFSET            = 48 (default: 'h30)
         MAILBOX_INDEX_LOW_WORD_OFFSET            = 24 (default: 'd24)
         MAILBOX_INDEX_HIGH_WORD_OFFSET           = 25 (default: (MAILBOX_INDEX_LOW_WORD_OFFSET + 1))
         MAILBOX_DATA_LOW_WORD_OFFSET             = 26 (default: (MAILBOX_INDEX_LOW_WORD_OFFSET + 2))
         MAILBOX_DATA_HIGH_WORD_OFFSET            = 27 (default: (MAILBOX_INDEX_LOW_WORD_OFFSET + 3))
         VENDOR_ID_WORD_OFFSET                    = 0 (default: 'd0)
         VENDOR_REGISTER_WORD_OFFSET              = 2 (default: 'd2)
         UNCORRECTABLE_ERROR_STATUS_WORD_OFFSET   = 4 (default: ('h10 / 'd4))
         UNCORRECTABLE_ERROR_MASK_WORD_OFFSET     = 5 (default: ('h14 / 'd4))
         UNCORRECTABLE_ERROR_SEVERITY_WORD_OFFSET = 6 (default: ('h18 / 'd4))
         CORRECTABLE_ERROR_STATUS_WORD_OFFSET     = 7 (default: ('h1C / 'd4))
         CORRECTABLE_ERROR_MASK_WORD_OFFSET       = 8 (default: ('h20 / 'd4))
         HEADER_LOG1_WORD_OFFSET                  = 9 (default: ('h24 / 'd4))
         HEADER_LOG2_WORD_OFFSET                  = 11 (default: ('h2C / 'd4))
         ADV_CAP_WORD_OFFSET                      = 21 (default: ('h54 / 'd4))
         FIN_CAP_WORD_OFFSET                      = 23 (default: ('h5C / 'd4))
         ADV_CAP_CXL_WORD_OFFSET                  = 25 (default: ('h64 / 'd4))
         FIN_CAP_CXL_WORD_OFFSET                  = 27 (default: ('h6C / 'd4))
================================================================================
